Build started 4/05/2014 2:55:21.
     1>Project "C:\Users\Michael\Desktop\Files\Other\University\2014\CompSci 373\Assignment 2\Ass2\Ass2.vcxproj" on node 2 (Build target(s)).
     1>ClCompile:
         C:\Program Files (x86)\Microsoft Visual Studio 12.0\VC\bin\CL.exe /c /I"C:\Users\Michael\Desktop\Files\Other\University\2014\CompSci 373\Assignment 2\Ass2\\" /ZI /nologo /W3 /WX- /Od /Oy- /D WIN32 /D _DEBUG /D _CONSOLE /D _VC80_UPGRADE=0x0700 /D _MBCS /Gm- /EHsc /RTC1 /MTd /GS /fp:precise /Zc:wchar_t /Zc:forScope /Fo".\Debug/" /Fd".\Debug/vc120.pdb" /Gd /TP /analyze- /errorReport:prompt /EHsc Robot.cpp
         Robot.cpp
       Link:
         C:\Program Files (x86)\Microsoft Visual Studio 12.0\VC\bin\link.exe /ERRORREPORT:PROMPT /OUT:".\Debug/Ass2.exe" /INCREMENTAL /NOLOGO odbc32.lib odbccp32.lib kernel32.lib user32.lib gdi32.lib winspool.lib comdlg32.lib advapi32.lib shell32.lib ole32.lib oleaut32.lib uuid.lib odbc32.lib odbccp32.lib /MANIFEST /MANIFESTUAC:"level='asInvoker' uiAccess='false'" /manifest:embed /DEBUG /PDB:".\Debug/Ass2.pdb" /SUBSYSTEM:CONSOLE /TLBID:1 /DYNAMICBASE:NO /IMPLIB:".\Debug\Ass2.lib" /MACHINE:X86 /SAFESEH /MACHINE:I386 .\Debug/Algebra.obj
         .\Debug/ass2main.obj
         .\Debug/Egg.obj
         .\Debug/Flower.obj
         .\Debug/Geometry.obj
         .\Debug/GroundWithGrass.obj
         .\Debug/Lighting.obj
         .\Debug/Mirror.obj
         .\Debug/Robot.obj
         .\Debug/Trackball.obj
         .\Debug/Utilities.obj
         Ass2.vcxproj -> C:\Users\Michael\Desktop\Files\Other\University\2014\CompSci 373\Assignment 2\Ass2\.\Debug\Ass2.exe
     1>Done Building Project "C:\Users\Michael\Desktop\Files\Other\University\2014\CompSci 373\Assignment 2\Ass2\Ass2.vcxproj" (Build target(s)).

Build succeeded.

Time Elapsed 00:00:04.63
