Build started 13/05/2014 2:33:49.
     1>Project "C:\Users\Michael\Desktop\Files\Other\University\2014\CompSci 373\Assignment 2\Ass2\Ass2.vcxproj" on node 2 (Build target(s)).
     1>ClCompile:
         C:\Program Files (x86)\Microsoft Visual Studio 12.0\VC\bin\CL.exe /c /I"C:\Users\Michael\Desktop\Files\Other\University\2014\CompSci 373\Assignment 2\Ass2\\" /Zi /nologo /W3 /WX- /O2 /Ob1 /Oy- /D WIN32 /D NDEBUG /D _CONSOLE /D _VC80_UPGRADE=0x0700 /D _MBCS /GF /Gm- /EHsc /MT /GS /Gy /fp:precise /Zc:wchar_t /Zc:forScope /Fo".\Release/" /Fd".\Release/vc120.pdb" /Gd /TP /analyze- /errorReport:prompt Egg.cpp Robot.cpp ass2main.cpp
         Egg.cpp
         Robot.cpp
         ass2main.cpp
         Generating Code...
       Link:
         C:\Program Files (x86)\Microsoft Visual Studio 12.0\VC\bin\link.exe /ERRORREPORT:PROMPT /OUT:".\Release/Ass2.exe" /INCREMENTAL:NO /NOLOGO odbc32.lib odbccp32.lib kernel32.lib user32.lib gdi32.lib winspool.lib comdlg32.lib advapi32.lib shell32.lib ole32.lib oleaut32.lib uuid.lib odbc32.lib odbccp32.lib /MANIFEST /MANIFESTUAC:"level='asInvoker' uiAccess='false'" /manifest:embed /PDB:".\Release/Ass2.pdb" /SUBSYSTEM:CONSOLE /TLBID:1 /DYNAMICBASE:NO /IMPLIB:".\Release\Ass2.lib" /MACHINE:X86 /SAFESEH /MACHINE:I386 .\Release/Algebra.obj
         .\Release/ass2main.obj
         .\Release/Egg.obj
         .\Release/Flower.obj
         .\Release/Geometry.obj
         .\Release/GroundWithGrass.obj
         .\Release/Lighting.obj
         .\Release/Mirror.obj
         .\Release/Robot.obj
         .\Release/Trackball.obj
         .\Release/Utilities.obj
         Ass2.vcxproj -> C:\Users\Michael\Desktop\Files\Other\University\2014\CompSci 373\Assignment 2\Ass2\.\Release\Ass2.exe
     1>Done Building Project "C:\Users\Michael\Desktop\Files\Other\University\2014\CompSci 373\Assignment 2\Ass2\Ass2.vcxproj" (Build target(s)).

Build succeeded.

Time Elapsed 00:00:20.04
